<?xml version="1.0" encoding="UTF-8"?>
<!-- Generated by org.testng.reporters.JUnitXMLReporter -->
<testsuite hostname="DESKTOP-JVK1AED" ignored="0" name="ChromeTest" tests="3" failures="1" timestamp="01 Nov 2019 02:26:34 GMT" time="151.091" errors="0">
  <testcase name="ValidLoginLogout" time="16.528" classname="com_ActiTime_Tests.ValidLoginLogoutTest"/>
  <testcase name="InvalidLogin" time="18.199" classname="com_ActiTime_Tests.InvalidLoginTest"/>
  <testcase name="Verifyversion" time="0.591" classname="com_ActiTime_Tests.VerifyversionTest">
    <failure type="java.lang.AssertionError" message="The following asserts failed:
	expected [actiTIME 2019.Pro] but found [actiTIME 2019.3 Pro]">
      <![CDATA[java.lang.AssertionError: The following asserts failed:
expected [actiTIME 2019.Pro] but found [actiTIME 2019.3 Pro]
at com_ActiTime_Tests.VerifyversionTest.Verifyversion(VerifyversionTest.java:26)
at java.util.concurrent.FutureTask.run(Unknown Source)
at java.util.concurrent.ThreadPoolExecutor.runWorker(Unknown Source)
at java.util.concurrent.ThreadPoolExecutor$Worker.run(Unknown Source)
at java.lang.Thread.run(Unknown Source)
... Removed 17 stack frames]]>
    </failure>
  </testcase> <!-- Verifyversion -->
</testsuite> <!-- ChromeTest -->
