<?xml version="1.0" encoding="UTF-8"?>
<!-- Generated by org.testng.reporters.JUnitXMLReporter -->
<testsuite hostname="DESKTOP-JVK1AED" ignored="0" name="IETest" tests="3" failures="3" timestamp="01 Nov 2019 02:27:49 GMT" time="227.537" errors="0">
  <testcase name="ValidLoginLogout" time="74.981" classname="com_ActiTime_Tests.ValidLoginLogoutTest">
    <failure type="java.lang.AssertionError" message="null">
      <![CDATA[java.lang.AssertionError: null
at com_ActiTime_Generic.BasePage.verifyTitle(BasePage.java:29)
at com_ActiTime_Tests.ValidLoginLogoutTest.ValidLoginLogout(ValidLoginLogoutTest.java:30)
at java.util.concurrent.FutureTask.run(Unknown Source)
at java.util.concurrent.ThreadPoolExecutor.runWorker(Unknown Source)
at java.util.concurrent.ThreadPoolExecutor$Worker.run(Unknown Source)
at java.lang.Thread.run(Unknown Source)
... Removed 18 stack frames]]>
    </failure>
  </testcase> <!-- ValidLoginLogout -->
  <testcase name="InvalidLogin" time="74.156" classname="com_ActiTime_Tests.InvalidLoginTest">
    <failure type="java.lang.AssertionError" message="null">
      <![CDATA[java.lang.AssertionError: null
at com_ActiTime_Generic.BasePage.verifyElement(BasePage.java:43)
at com_ActiTime_Pages.actiTIMELoginPage.verifyErrorMsg(actiTIMELoginPage.java:48)
at com_ActiTime_Tests.InvalidLoginTest.InvalidLogin(InvalidLoginTest.java:31)
at java.util.concurrent.FutureTask.run(Unknown Source)
at java.util.concurrent.ThreadPoolExecutor.runWorker(Unknown Source)
at java.util.concurrent.ThreadPoolExecutor$Worker.run(Unknown Source)
at java.lang.Thread.run(Unknown Source)
... Removed 18 stack frames]]>
    </failure>
  </testcase> <!-- InvalidLogin -->
  <testcase name="Verifyversion" time="0.515" classname="com_ActiTime_Tests.VerifyversionTest">
    <failure type="java.lang.AssertionError" message="The following asserts failed:
	expected [actiTIME 2019.Pro] but found [actiTIME 2019.3 Pro]">
      <![CDATA[java.lang.AssertionError: The following asserts failed:
expected [actiTIME 2019.Pro] but found [actiTIME 2019.3 Pro]
at com_ActiTime_Tests.VerifyversionTest.Verifyversion(VerifyversionTest.java:26)
at java.util.concurrent.FutureTask.run(Unknown Source)
at java.util.concurrent.ThreadPoolExecutor.runWorker(Unknown Source)
at java.util.concurrent.ThreadPoolExecutor$Worker.run(Unknown Source)
at java.lang.Thread.run(Unknown Source)
... Removed 17 stack frames]]>
    </failure>
  </testcase> <!-- Verifyversion -->
</testsuite> <!-- IETest -->
