<!DOCTYPE html PUBLIC "-//W3C//DTD XHTML 1.1//EN" "http://www.w3.org/TR/xhtml11/DTD/xhtml11.dtd">
<html xmlns="http://www.w3.org/1999/xhtml">
<head>
<meta http-equiv="content-type" content="text/html; charset=UTF-8"/>
<title>TestNG Report</title>
<style type="text/css">table {margin-bottom:10px;border-collapse:collapse;empty-cells:show}th,td {border:1px solid #009;padding:.25em .5em}th {vertical-align:bottom}td {vertical-align:top}table a {font-weight:bold}.stripe td {background-color: #E6EBF9}.num {text-align:right}.passedodd td {background-color: #3F3}.passedeven td {background-color: #0A0}.skippedodd td {background-color: #DDD}.skippedeven td {background-color: #CCC}.failedodd td,.attn {background-color: #F33}.failedeven td,.stripe .attn {background-color: #D00}.stacktrace {white-space:pre;font-family:monospace}.totop {font-size:85%;text-align:center;border-bottom:2px solid #000}.invisible {display:none}</style>
</head>
<body>
<table>
<tr><th>Test</th><th># Passed</th><th># Skipped</th><th># Failed</th><th>Time (ms)</th><th>Included Groups</th><th>Excluded Groups</th></tr>
<tr><th colspan="7">Suite</th></tr>
<tr><td><a href="#t0">ChromeTest</a></td><td class="num">2</td><td class="num">0</td><td class="num attn">1</td><td class="num">151,091</td><td></td><td></td></tr>
<tr class="stripe"><td><a href="#t1">FirefoxTest</a></td><td class="num">0</td><td class="num">0</td><td class="num attn">3</td><td class="num">180,706</td><td></td><td></td></tr>
<tr><td><a href="#t2">IETest</a></td><td class="num">0</td><td class="num">0</td><td class="num attn">3</td><td class="num">227,537</td><td></td><td></td></tr>
<tr><th>Total</th><th class="num">2</th><th class="num">0</th><th class="num attn">7</th><th class="num">559,334</th><th colspan="2"></th></tr>
</table>
<table id='summary'><thead><tr><th>Class</th><th>Method</th><th>Start</th><th>Time (ms)</th></tr></thead><tbody><tr><th colspan="4">Suite</th></tr></tbody><tbody id="t0"><tr><th colspan="4">ChromeTest &#8212; failed</th></tr><tr class="failedeven"><td rowspan="1">com_ActiTime_Tests.VerifyversionTest</td><td><a href="#m0">Verifyversion</a></td><td rowspan="1">1572575187584</td><td rowspan="1">591</td></tr><tr><th colspan="4">ChromeTest &#8212; passed</th></tr><tr class="passedeven"><td rowspan="1">com_ActiTime_Tests.InvalidLoginTest</td><td><a href="#m1">InvalidLogin</a></td><td rowspan="1">1572575136454</td><td rowspan="1">18199</td></tr><tr class="passedodd"><td rowspan="1">com_ActiTime_Tests.ValidLoginLogoutTest</td><td><a href="#m2">ValidLoginLogout</a></td><td rowspan="1">1572575083393</td><td rowspan="1">16528</td></tr></tbody>
<tbody id="t1"><tr><th colspan="4">FirefoxTest &#8212; failed</th></tr><tr class="failedeven"><td rowspan="1">com_ActiTime_Tests.InvalidLoginTest</td><td><a href="#m3">InvalidLogin</a></td><td rowspan="1">1572575170580</td><td rowspan="1">11371</td></tr><tr class="failedodd"><td rowspan="1">com_ActiTime_Tests.ValidLoginLogoutTest</td><td><a href="#m4">ValidLoginLogout</a></td><td rowspan="1">1572575112111</td><td rowspan="1">5843</td></tr><tr class="failedeven"><td rowspan="1">com_ActiTime_Tests.VerifyversionTest</td><td><a href="#m5">Verifyversion</a></td><td rowspan="1">1572575220710</td><td rowspan="1">157</td></tr></tbody>
<tbody id="t2"><tr><th colspan="4">IETest &#8212; failed</th></tr><tr class="failedeven"><td rowspan="1">com_ActiTime_Tests.InvalidLoginTest</td><td><a href="#m6">InvalidLogin</a></td><td rowspan="1">1572575186491</td><td rowspan="1">74156</td></tr><tr class="failedodd"><td rowspan="1">com_ActiTime_Tests.ValidLoginLogoutTest</td><td><a href="#m7">ValidLoginLogout</a></td><td rowspan="1">1572575096704</td><td rowspan="1">74981</td></tr><tr class="failedeven"><td rowspan="1">com_ActiTime_Tests.VerifyversionTest</td><td><a href="#m8">Verifyversion</a></td><td rowspan="1">1572575268708</td><td rowspan="1">515</td></tr></tbody>
</table>
<h2>ChromeTest</h2><h3 id="m0">com_ActiTime_Tests.VerifyversionTest#Verifyversion</h3><table class="result"><tr><th>Messages</th></tr><tr><td><div class="messages">Title is matching actiTIME - Login<br/>Element is present...........<br/>version actiTIME 2019.3 Pro</div></td></tr><tr><th>Exception</th></tr><tr><td><div class="stacktrace">java.lang.AssertionError: The following asserts failed:
	expected [actiTIME 2019.Pro] but found [actiTIME 2019.3 Pro]
	at com_ActiTime_Tests.VerifyversionTest.Verifyversion(VerifyversionTest.java:26)
	at java.util.concurrent.FutureTask.run(Unknown Source)
	at java.util.concurrent.ThreadPoolExecutor.runWorker(Unknown Source)
	at java.util.concurrent.ThreadPoolExecutor$Worker.run(Unknown Source)
	at java.lang.Thread.run(Unknown Source)
... Removed 17 stack frames</div></td></tr></table><p class="totop"><a href="#summary">back to summary</a></p>
<h3 id="m1">com_ActiTime_Tests.InvalidLoginTest#InvalidLogin</h3><table class="result"><tr><th>Messages</th></tr><tr><td><div class="messages">Title is matching actiTIME - Login<br/>User name admin<br/>password damager<br/>Element is present...........<br/>==========================================<br/>User name qsp<br/>password jsp<br/>Element is present...........<br/>==========================================<br/>User name 45<br/>password a<br/>Element is present...........<br/>==========================================<br/>User name a<br/>password @<br/>Element is present...........<br/>==========================================<br/>User name 1<br/>password 2<br/>Element is present...........<br/>==========================================</div></td></tr></table><p class="totop"><a href="#summary">back to summary</a></p>
<h3 id="m2">com_ActiTime_Tests.ValidLoginLogoutTest#ValidLoginLogout</h3><table class="result"><tr><th>Messages</th></tr><tr><td><div class="messages">Title is matching actiTIME - Login<br/>Title is matching actiTIME - Enter Time-Track<br/>Title is matching actiTIME - Login</div></td></tr></table><p class="totop"><a href="#summary">back to summary</a></p>
<h2>FirefoxTest</h2><h3 id="m3">com_ActiTime_Tests.InvalidLoginTest#InvalidLogin</h3><table class="result"><tr><th>Messages</th></tr><tr><td><div class="messages">Title is matching actiTIME - Login<br/>User name admin<br/>password damager<br/>Element is present...........<br/>==========================================<br/>User name qsp<br/>password jsp<br/>Element is present...........<br/>==========================================<br/>User name 45</div></td></tr><tr><th>Exception</th></tr><tr><td><div class="stacktrace">org.openqa.selenium.ElementNotInteractableException: Element &lt;input id=&quot;username&quot; class=&quot;textField&quot; name=&quot;username&quot; type=&quot;text&quot;&gt; is not reachable by keyboard
Build info: version: &apos;3.141.59&apos;, revision: &apos;e82be7d358&apos;, time: &apos;2018-11-14T08:25:53&apos;
System info: host: &apos;DESKTOP-JVK1AED&apos;, ip: &apos;192.168.1.16&apos;, os.name: &apos;Windows 10&apos;, os.arch: &apos;amd64&apos;, os.version: &apos;10.0&apos;, java.version: &apos;1.8.0_211&apos;
Driver info: org.openqa.selenium.remote.RemoteWebDriver
Capabilities {acceptInsecureCerts: false, browserName: firefox, browserVersion: 64.0, javascriptEnabled: true, moz:accessibilityChecks: false, moz:geckodriverVersion: 0.26.0, moz:headless: false, moz:processID: 6048, moz:profile: C:\Users\Pluto\AppData\Loca..., moz:shutdownTimeout: 60000, moz:useNonSpecCompliantPointerOrigin: false, moz:webdriverClick: true, pageLoadStrategy: normal, platform: WINDOWS, platformName: WINDOWS, platformVersion: 10.0, rotatable: false, setWindowRect: true, timeouts: {implicit: 0, pageLoad: 300000, script: 30000}, unhandledPromptBehavior: dismiss and notify, webdriver.remote.sessionid: 1488fd96-b810-4616-89c3-3c5...}
Session ID: 1488fd96-b810-4616-89c3-3c5351d3aaf4
	at org.openqa.selenium.remote.http.W3CHttpResponseCodec.createException(W3CHttpResponseCodec.java:187)
	at org.openqa.selenium.remote.http.W3CHttpResponseCodec.decode(W3CHttpResponseCodec.java:122)
	at org.openqa.selenium.remote.http.W3CHttpResponseCodec.decode(W3CHttpResponseCodec.java:49)
	at org.openqa.selenium.remote.HttpCommandExecutor.execute(HttpCommandExecutor.java:158)
	at org.openqa.selenium.remote.RemoteWebDriver.execute(RemoteWebDriver.java:552)
	at org.openqa.selenium.remote.RemoteWebElement.execute(RemoteWebElement.java:285)
	at org.openqa.selenium.remote.RemoteWebElement.sendKeys(RemoteWebElement.java:106)
	at org.openqa.selenium.support.pagefactory.internal.LocatingElementHandler.invoke(LocatingElementHandler.java:51)
	at com.sun.proxy.$Proxy10.sendKeys(Unknown Source)
	at com_ActiTime_Pages.actiTIMELoginPage.EnterUserName(actiTIMELoginPage.java:36)
	at com_ActiTime_Tests.InvalidLoginTest.InvalidLogin(InvalidLoginTest.java:25)
	at java.util.concurrent.FutureTask.run(Unknown Source)
	at java.util.concurrent.ThreadPoolExecutor.runWorker(Unknown Source)
	at java.util.concurrent.ThreadPoolExecutor$Worker.run(Unknown Source)
	at java.lang.Thread.run(Unknown Source)
... Removed 23 stack frames</div></td></tr></table><p class="totop"><a href="#summary">back to summary</a></p>
<h3 id="m4">com_ActiTime_Tests.ValidLoginLogoutTest#ValidLoginLogout</h3><table class="result"><tr><th>Messages</th></tr><tr><td><div class="messages">Title is matching actiTIME - Login<br/>Title is matching actiTIME - Enter Time-Track</div></td></tr><tr><th>Exception</th></tr><tr><td><div class="stacktrace">org.openqa.selenium.NoSuchElementException: Unable to locate element: #logoutLink
For documentation on this error, please visit: https://www.seleniumhq.org/exceptions/no_such_element.html
Build info: version: &apos;3.141.59&apos;, revision: &apos;e82be7d358&apos;, time: &apos;2018-11-14T08:25:53&apos;
System info: host: &apos;DESKTOP-JVK1AED&apos;, ip: &apos;192.168.1.16&apos;, os.name: &apos;Windows 10&apos;, os.arch: &apos;amd64&apos;, os.version: &apos;10.0&apos;, java.version: &apos;1.8.0_211&apos;
Driver info: org.openqa.selenium.remote.RemoteWebDriver
Capabilities {acceptInsecureCerts: false, browserName: firefox, browserVersion: 64.0, javascriptEnabled: true, moz:accessibilityChecks: false, moz:geckodriverVersion: 0.26.0, moz:headless: false, moz:processID: 10144, moz:profile: C:\Users\Pluto\AppData\Loca..., moz:shutdownTimeout: 60000, moz:useNonSpecCompliantPointerOrigin: false, moz:webdriverClick: true, pageLoadStrategy: normal, platform: WINDOWS, platformName: WINDOWS, platformVersion: 10.0, rotatable: false, setWindowRect: true, timeouts: {implicit: 0, pageLoad: 300000, script: 30000}, unhandledPromptBehavior: dismiss and notify, webdriver.remote.sessionid: 9f64f888-fa11-4ea9-ae37-f66...}
Session ID: 9f64f888-fa11-4ea9-ae37-f66b3e2b0e41
*** Element info: {Using=id, value=logoutLink}
	at org.openqa.selenium.remote.http.W3CHttpResponseCodec.createException(W3CHttpResponseCodec.java:187)
	at org.openqa.selenium.remote.http.W3CHttpResponseCodec.decode(W3CHttpResponseCodec.java:122)
	at org.openqa.selenium.remote.http.W3CHttpResponseCodec.decode(W3CHttpResponseCodec.java:49)
	at org.openqa.selenium.remote.HttpCommandExecutor.execute(HttpCommandExecutor.java:158)
	at org.openqa.selenium.remote.RemoteWebDriver.execute(RemoteWebDriver.java:552)
	at org.openqa.selenium.remote.RemoteWebDriver.findElement(RemoteWebDriver.java:323)
	at org.openqa.selenium.remote.RemoteWebDriver.findElementById(RemoteWebDriver.java:372)
	at org.openqa.selenium.By$ById.findElement(By.java:188)
	at org.openqa.selenium.remote.RemoteWebDriver.findElement(RemoteWebDriver.java:315)
	at org.openqa.selenium.support.pagefactory.DefaultElementLocator.findElement(DefaultElementLocator.java:69)
	at org.openqa.selenium.support.pagefactory.internal.LocatingElementHandler.invoke(LocatingElementHandler.java:38)
	at com.sun.proxy.$Proxy10.click(Unknown Source)
	at com_ActiTime_Pages.actiTIMEEnterTimeTrackPage.ClickOnLogout(actiTIMEEnterTimeTrackPage.java:24)
	at com_ActiTime_Tests.ValidLoginLogoutTest.ValidLoginLogout(ValidLoginLogoutTest.java:32)
	at java.util.concurrent.FutureTask.run(Unknown Source)
	at java.util.concurrent.ThreadPoolExecutor.runWorker(Unknown Source)
	at java.util.concurrent.ThreadPoolExecutor$Worker.run(Unknown Source)
	at java.lang.Thread.run(Unknown Source)
... Removed 20 stack frames</div></td></tr></table><p class="totop"><a href="#summary">back to summary</a></p>
<h3 id="m5">com_ActiTime_Tests.VerifyversionTest#Verifyversion</h3><table class="result"><tr><th>Messages</th></tr><tr><td><div class="messages">Title is matching actiTIME - Login<br/>Element is present...........<br/>version actiTIME 2019.3 Pro</div></td></tr><tr><th>Exception</th></tr><tr><td><div class="stacktrace">java.lang.AssertionError: The following asserts failed:
	expected [actiTIME 2019.Pro] but found [actiTIME 2019.3 Pro]
	at com_ActiTime_Tests.VerifyversionTest.Verifyversion(VerifyversionTest.java:26)
	at java.util.concurrent.FutureTask.run(Unknown Source)
	at java.util.concurrent.ThreadPoolExecutor.runWorker(Unknown Source)
	at java.util.concurrent.ThreadPoolExecutor$Worker.run(Unknown Source)
	at java.lang.Thread.run(Unknown Source)
... Removed 17 stack frames</div></td></tr></table><p class="totop"><a href="#summary">back to summary</a></p>
<h2>IETest</h2><h3 id="m6">com_ActiTime_Tests.InvalidLoginTest#InvalidLogin</h3><table class="result"><tr><th>Messages</th></tr><tr><td><div class="messages">Title is matching actiTIME - Login<br/>User name admin<br/>password damager<br/>Elemnt is not present..........</div></td></tr><tr><th>Exception</th></tr><tr><td><div class="stacktrace">java.lang.AssertionError: null
	at com_ActiTime_Generic.BasePage.verifyElement(BasePage.java:43)
	at com_ActiTime_Pages.actiTIMELoginPage.verifyErrorMsg(actiTIMELoginPage.java:48)
	at com_ActiTime_Tests.InvalidLoginTest.InvalidLogin(InvalidLoginTest.java:31)
	at java.util.concurrent.FutureTask.run(Unknown Source)
	at java.util.concurrent.ThreadPoolExecutor.runWorker(Unknown Source)
	at java.util.concurrent.ThreadPoolExecutor$Worker.run(Unknown Source)
	at java.lang.Thread.run(Unknown Source)
... Removed 18 stack frames</div></td></tr></table><p class="totop"><a href="#summary">back to summary</a></p>
<h3 id="m7">com_ActiTime_Tests.ValidLoginLogoutTest#ValidLoginLogout</h3><table class="result"><tr><th>Messages</th></tr><tr><td><div class="messages">Title is matching actiTIME - Login<br/>Title is not matching actiTIME - Login</div></td></tr><tr><th>Exception</th></tr><tr><td><div class="stacktrace">java.lang.AssertionError: null
	at com_ActiTime_Generic.BasePage.verifyTitle(BasePage.java:29)
	at com_ActiTime_Tests.ValidLoginLogoutTest.ValidLoginLogout(ValidLoginLogoutTest.java:30)
	at java.util.concurrent.FutureTask.run(Unknown Source)
	at java.util.concurrent.ThreadPoolExecutor.runWorker(Unknown Source)
	at java.util.concurrent.ThreadPoolExecutor$Worker.run(Unknown Source)
	at java.lang.Thread.run(Unknown Source)
... Removed 18 stack frames</div></td></tr></table><p class="totop"><a href="#summary">back to summary</a></p>
<h3 id="m8">com_ActiTime_Tests.VerifyversionTest#Verifyversion</h3><table class="result"><tr><th>Messages</th></tr><tr><td><div class="messages">Title is matching actiTIME - Login<br/>Element is present...........<br/>version actiTIME 2019.3 Pro</div></td></tr><tr><th>Exception</th></tr><tr><td><div class="stacktrace">java.lang.AssertionError: The following asserts failed:
	expected [actiTIME 2019.Pro] but found [actiTIME 2019.3 Pro]
	at com_ActiTime_Tests.VerifyversionTest.Verifyversion(VerifyversionTest.java:26)
	at java.util.concurrent.FutureTask.run(Unknown Source)
	at java.util.concurrent.ThreadPoolExecutor.runWorker(Unknown Source)
	at java.util.concurrent.ThreadPoolExecutor$Worker.run(Unknown Source)
	at java.lang.Thread.run(Unknown Source)
... Removed 17 stack frames</div></td></tr></table><p class="totop"><a href="#summary">back to summary</a></p>
</body>
</html>
