<?xml version="1.0" encoding="UTF-8"?>
<testng-results skipped="0" failed="7" ignored="0" total="9" passed="2">
  <reporter-output>
    <line>
      <![CDATA[Title is matching actiTIME - Login]]>
    </line>
    <line>
      <![CDATA[Title is matching actiTIME - Enter Time-Track]]>
    </line>
    <line>
      <![CDATA[Title is matching actiTIME - Login]]>
    </line>
    <line>
      <![CDATA[Title is matching actiTIME - Login]]>
    </line>
    <line>
      <![CDATA[Title is matching actiTIME - Login]]>
    </line>
    <line>
      <![CDATA[Title is matching actiTIME - Enter Time-Track]]>
    </line>
    <line>
      <![CDATA[Title is matching actiTIME - Login]]>
    </line>
    <line>
      <![CDATA[User name admin]]>
    </line>
    <line>
      <![CDATA[password damager]]>
    </line>
    <line>
      <![CDATA[Element is present...........]]>
    </line>
    <line>
      <![CDATA[==========================================]]>
    </line>
    <line>
      <![CDATA[User name qsp]]>
    </line>
    <line>
      <![CDATA[password jsp]]>
    </line>
    <line>
      <![CDATA[Element is present...........]]>
    </line>
    <line>
      <![CDATA[==========================================]]>
    </line>
    <line>
      <![CDATA[User name 45]]>
    </line>
    <line>
      <![CDATA[password a]]>
    </line>
    <line>
      <![CDATA[Element is present...........]]>
    </line>
    <line>
      <![CDATA[==========================================]]>
    </line>
    <line>
      <![CDATA[User name a]]>
    </line>
    <line>
      <![CDATA[password @]]>
    </line>
    <line>
      <![CDATA[Element is present...........]]>
    </line>
    <line>
      <![CDATA[==========================================]]>
    </line>
    <line>
      <![CDATA[User name 1]]>
    </line>
    <line>
      <![CDATA[password 2]]>
    </line>
    <line>
      <![CDATA[Element is present...........]]>
    </line>
    <line>
      <![CDATA[==========================================]]>
    </line>
    <line>
      <![CDATA[Title is matching actiTIME - Login]]>
    </line>
    <line>
      <![CDATA[User name admin]]>
    </line>
    <line>
      <![CDATA[password damager]]>
    </line>
    <line>
      <![CDATA[Title is not matching actiTIME - Login]]>
    </line>
    <line>
      <![CDATA[Element is present...........]]>
    </line>
    <line>
      <![CDATA[==========================================]]>
    </line>
    <line>
      <![CDATA[User name qsp]]>
    </line>
    <line>
      <![CDATA[password jsp]]>
    </line>
    <line>
      <![CDATA[Element is present...........]]>
    </line>
    <line>
      <![CDATA[==========================================]]>
    </line>
    <line>
      <![CDATA[User name 45]]>
    </line>
    <line>
      <![CDATA[Title is matching actiTIME - Login]]>
    </line>
    <line>
      <![CDATA[User name admin]]>
    </line>
    <line>
      <![CDATA[Title is matching actiTIME - Login]]>
    </line>
    <line>
      <![CDATA[Element is present...........]]>
    </line>
    <line>
      <![CDATA[version actiTIME 2019.3 Pro]]>
    </line>
    <line>
      <![CDATA[password damager]]>
    </line>
    <line>
      <![CDATA[Title is matching actiTIME - Login]]>
    </line>
    <line>
      <![CDATA[Element is present...........]]>
    </line>
    <line>
      <![CDATA[version actiTIME 2019.3 Pro]]>
    </line>
    <line>
      <![CDATA[Elemnt is not present..........]]>
    </line>
    <line>
      <![CDATA[Title is matching actiTIME - Login]]>
    </line>
    <line>
      <![CDATA[Element is present...........]]>
    </line>
    <line>
      <![CDATA[version actiTIME 2019.3 Pro]]>
    </line>
  </reporter-output>
  <suite name="Suite" duration-ms="227537" started-at="2019-11-01T02:24:01Z" finished-at="2019-11-01T02:27:49Z">
    <groups>
    </groups>
    <test name="ChromeTest" duration-ms="151091" started-at="2019-11-01T02:24:01Z" finished-at="2019-11-01T02:26:32Z">
      <class name="com_ActiTime_Tests.ValidLoginLogoutTest">
        <test-method status="PASS" signature="precondition(java.lang.String, java.lang.String, java.lang.String)[pri:0, instance:com_ActiTime_Tests.ValidLoginLogoutTest@6f7fd0e6]" name="precondition" is-config="true" duration-ms="41598" started-at="2019-11-01T02:24:01Z" finished-at="2019-11-01T02:24:43Z">
          <params>
            <param index="0">
              <value>
                <![CDATA[http://192.168.71.1:4444/wd/hub/]]>
              </value>
            </param>
            <param index="1">
              <value>
                <![CDATA[chrome]]>
              </value>
            </param>
            <param index="2">
              <value>
                <![CDATA[https://demo.actitime.com]]>
              </value>
            </param>
          </params>
          <reporter-output>
          </reporter-output>
        </test-method> <!-- precondition -->
        <test-method status="PASS" signature="ValidLoginLogout()[pri:1, instance:com_ActiTime_Tests.ValidLoginLogoutTest@6f7fd0e6]" name="ValidLoginLogout" duration-ms="16528" started-at="2019-11-01T02:24:43Z" finished-at="2019-11-01T02:24:59Z">
          <reporter-output>
            <line>
              <![CDATA[Title is matching actiTIME - Login]]>
            </line>
            <line>
              <![CDATA[Title is matching actiTIME - Enter Time-Track]]>
            </line>
            <line>
              <![CDATA[Title is matching actiTIME - Login]]>
            </line>
          </reporter-output>
        </test-method> <!-- ValidLoginLogout -->
        <test-method status="PASS" signature="postcondition(org.testng.ITestResult)[pri:0, instance:com_ActiTime_Tests.ValidLoginLogoutTest@6f7fd0e6]" name="postcondition" is-config="true" duration-ms="554" started-at="2019-11-01T02:24:59Z" finished-at="2019-11-01T02:25:00Z">
          <params>
            <param index="0">
              <value>
                <![CDATA[[TestResult name=ValidLoginLogout status=SUCCESS method=ValidLoginLogoutTest.ValidLoginLogout()[pri:1, instance:com_ActiTime_Tests.ValidLoginLogoutTest@6f7fd0e6] output=Title is matching actiTIME - Login]]]>
              </value>
            </param>
          </params>
          <reporter-output>
          </reporter-output>
        </test-method> <!-- postcondition -->
      </class> <!-- com_ActiTime_Tests.ValidLoginLogoutTest -->
      <class name="com_ActiTime_Tests.InvalidLoginTest">
        <test-method status="PASS" signature="precondition(java.lang.String, java.lang.String, java.lang.String)[pri:0, instance:com_ActiTime_Tests.InvalidLoginTest@27efef64]" name="precondition" is-config="true" duration-ms="35951" started-at="2019-11-01T02:25:00Z" finished-at="2019-11-01T02:25:36Z">
          <params>
            <param index="0">
              <value>
                <![CDATA[http://192.168.71.1:4444/wd/hub/]]>
              </value>
            </param>
            <param index="1">
              <value>
                <![CDATA[chrome]]>
              </value>
            </param>
            <param index="2">
              <value>
                <![CDATA[https://demo.actitime.com]]>
              </value>
            </param>
          </params>
          <reporter-output>
          </reporter-output>
        </test-method> <!-- precondition -->
        <test-method status="PASS" signature="InvalidLogin()[pri:2, instance:com_ActiTime_Tests.InvalidLoginTest@27efef64]" name="InvalidLogin" duration-ms="18199" started-at="2019-11-01T02:25:36Z" finished-at="2019-11-01T02:25:54Z">
          <reporter-output>
            <line>
              <![CDATA[Title is matching actiTIME - Login]]>
            </line>
            <line>
              <![CDATA[User name admin]]>
            </line>
            <line>
              <![CDATA[password damager]]>
            </line>
            <line>
              <![CDATA[Element is present...........]]>
            </line>
            <line>
              <![CDATA[==========================================]]>
            </line>
            <line>
              <![CDATA[User name qsp]]>
            </line>
            <line>
              <![CDATA[password jsp]]>
            </line>
            <line>
              <![CDATA[Element is present...........]]>
            </line>
            <line>
              <![CDATA[==========================================]]>
            </line>
            <line>
              <![CDATA[User name 45]]>
            </line>
            <line>
              <![CDATA[password a]]>
            </line>
            <line>
              <![CDATA[Element is present...........]]>
            </line>
            <line>
              <![CDATA[==========================================]]>
            </line>
            <line>
              <![CDATA[User name a]]>
            </line>
            <line>
              <![CDATA[password @]]>
            </line>
            <line>
              <![CDATA[Element is present...........]]>
            </line>
            <line>
              <![CDATA[==========================================]]>
            </line>
            <line>
              <![CDATA[User name 1]]>
            </line>
            <line>
              <![CDATA[password 2]]>
            </line>
            <line>
              <![CDATA[Element is present...........]]>
            </line>
            <line>
              <![CDATA[==========================================]]>
            </line>
          </reporter-output>
        </test-method> <!-- InvalidLogin -->
        <test-method status="PASS" signature="postcondition(org.testng.ITestResult)[pri:0, instance:com_ActiTime_Tests.InvalidLoginTest@27efef64]" name="postcondition" is-config="true" duration-ms="365" started-at="2019-11-01T02:25:54Z" finished-at="2019-11-01T02:25:55Z">
          <params>
            <param index="0">
              <value>
                <![CDATA[[TestResult name=InvalidLogin status=SUCCESS method=InvalidLoginTest.InvalidLogin()[pri:2, instance:com_ActiTime_Tests.InvalidLoginTest@27efef64] output=Title is matching actiTIME - Login]]]>
              </value>
            </param>
          </params>
          <reporter-output>
          </reporter-output>
        </test-method> <!-- postcondition -->
      </class> <!-- com_ActiTime_Tests.InvalidLoginTest -->
      <class name="com_ActiTime_Tests.VerifyversionTest">
        <test-method status="PASS" signature="precondition(java.lang.String, java.lang.String, java.lang.String)[pri:0, instance:com_ActiTime_Tests.VerifyversionTest@47c62251]" name="precondition" is-config="true" duration-ms="32561" started-at="2019-11-01T02:25:55Z" finished-at="2019-11-01T02:26:27Z">
          <params>
            <param index="0">
              <value>
                <![CDATA[http://192.168.71.1:4444/wd/hub/]]>
              </value>
            </param>
            <param index="1">
              <value>
                <![CDATA[chrome]]>
              </value>
            </param>
            <param index="2">
              <value>
                <![CDATA[https://demo.actitime.com]]>
              </value>
            </param>
          </params>
          <reporter-output>
          </reporter-output>
        </test-method> <!-- precondition -->
        <test-method status="FAIL" signature="Verifyversion()[pri:3, instance:com_ActiTime_Tests.VerifyversionTest@47c62251]" name="Verifyversion" duration-ms="591" started-at="2019-11-01T02:26:27Z" finished-at="2019-11-01T02:26:28Z">
          <exception class="java.lang.AssertionError">
            <message>
              <![CDATA[The following asserts failed:
expected [actiTIME 2019.Pro] but found [actiTIME 2019.3 Pro]]]>
            </message>
            <full-stacktrace>
              <![CDATA[java.lang.AssertionError: The following asserts failed:
expected [actiTIME 2019.Pro] but found [actiTIME 2019.3 Pro]
at org.testng.asserts.SoftAssert.assertAll(SoftAssert.java:43)
at com_ActiTime_Tests.VerifyversionTest.Verifyversion(VerifyversionTest.java:26)
at sun.reflect.NativeMethodAccessorImpl.invoke0(Native Method)
at sun.reflect.NativeMethodAccessorImpl.invoke(Unknown Source)
at sun.reflect.DelegatingMethodAccessorImpl.invoke(Unknown Source)
at java.lang.reflect.Method.invoke(Unknown Source)
at org.testng.internal.MethodInvocationHelper.invokeMethod(MethodInvocationHelper.java:124)
at org.testng.internal.Invoker.invokeMethod(Invoker.java:583)
at org.testng.internal.Invoker.invokeTestMethod(Invoker.java:719)
at org.testng.internal.Invoker.invokeTestMethods(Invoker.java:989)
at org.testng.internal.TestMethodWorker.invokeTestMethods(TestMethodWorker.java:125)
at org.testng.internal.TestMethodWorker.run(TestMethodWorker.java:109)
at org.testng.TestRunner.privateRun(TestRunner.java:648)
at org.testng.TestRunner.run(TestRunner.java:505)
at org.testng.SuiteRunner.runTest(SuiteRunner.java:455)
at org.testng.SuiteRunner.access$000(SuiteRunner.java:40)
at org.testng.SuiteRunner$SuiteWorker.run(SuiteRunner.java:489)
at org.testng.internal.thread.ThreadUtil$1.call(ThreadUtil.java:52)
at java.util.concurrent.FutureTask.run(Unknown Source)
at java.util.concurrent.ThreadPoolExecutor.runWorker(Unknown Source)
at java.util.concurrent.ThreadPoolExecutor$Worker.run(Unknown Source)
at java.lang.Thread.run(Unknown Source)
]]>
            </full-stacktrace>
          </exception> <!-- java.lang.AssertionError -->
          <reporter-output>
            <line>
              <![CDATA[Title is matching actiTIME - Login]]>
            </line>
            <line>
              <![CDATA[Element is present...........]]>
            </line>
            <line>
              <![CDATA[version actiTIME 2019.3 Pro]]>
            </line>
          </reporter-output>
        </test-method> <!-- Verifyversion -->
        <test-method status="PASS" signature="postcondition(org.testng.ITestResult)[pri:0, instance:com_ActiTime_Tests.VerifyversionTest@47c62251]" name="postcondition" is-config="true" duration-ms="4684" started-at="2019-11-01T02:26:28Z" finished-at="2019-11-01T02:26:32Z">
          <params>
            <param index="0">
              <value>
                <![CDATA[[TestResult name=Verifyversion status=FAILURE method=VerifyversionTest.Verifyversion()[pri:3, instance:com_ActiTime_Tests.VerifyversionTest@47c62251] output=Title is matching actiTIME - Login]]]>
              </value>
            </param>
          </params>
          <reporter-output>
          </reporter-output>
        </test-method> <!-- postcondition -->
      </class> <!-- com_ActiTime_Tests.VerifyversionTest -->
    </test> <!-- ChromeTest -->
    <test name="FirefoxTest" duration-ms="180706" started-at="2019-11-01T02:24:01Z" finished-at="2019-11-01T02:27:02Z">
      <class name="com_ActiTime_Tests.ValidLoginLogoutTest">
        <test-method status="PASS" signature="precondition(java.lang.String, java.lang.String, java.lang.String)[pri:0, instance:com_ActiTime_Tests.ValidLoginLogoutTest@239963d8]" name="precondition" is-config="true" duration-ms="70316" started-at="2019-11-01T02:24:01Z" finished-at="2019-11-01T02:25:12Z">
          <params>
            <param index="0">
              <value>
                <![CDATA[http://192.168.71.1:4444/wd/hub/]]>
              </value>
            </param>
            <param index="1">
              <value>
                <![CDATA[firefox]]>
              </value>
            </param>
            <param index="2">
              <value>
                <![CDATA[https://demo.actitime.com]]>
              </value>
            </param>
          </params>
          <reporter-output>
          </reporter-output>
        </test-method> <!-- precondition -->
        <test-method status="FAIL" signature="ValidLoginLogout()[pri:1, instance:com_ActiTime_Tests.ValidLoginLogoutTest@239963d8]" name="ValidLoginLogout" duration-ms="5843" started-at="2019-11-01T02:25:12Z" finished-at="2019-11-01T02:25:17Z">
          <exception class="org.openqa.selenium.NoSuchElementException">
            <message>
              <![CDATA[Unable to locate element: #logoutLink
For documentation on this error, please visit: https://www.seleniumhq.org/exceptions/no_such_element.html
Build info: version: '3.141.59', revision: 'e82be7d358', time: '2018-11-14T08:25:53'
System info: host: 'DESKTOP-JVK1AED', ip: '192.168.1.16', os.name: 'Windows 10', os.arch: 'amd64', os.version: '10.0', java.version: '1.8.0_211'
Driver info: org.openqa.selenium.remote.RemoteWebDriver
Capabilities {acceptInsecureCerts: false, browserName: firefox, browserVersion: 64.0, javascriptEnabled: true, moz:accessibilityChecks: false, moz:geckodriverVersion: 0.26.0, moz:headless: false, moz:processID: 10144, moz:profile: C:\Users\Pluto\AppData\Loca..., moz:shutdownTimeout: 60000, moz:useNonSpecCompliantPointerOrigin: false, moz:webdriverClick: true, pageLoadStrategy: normal, platform: WINDOWS, platformName: WINDOWS, platformVersion: 10.0, rotatable: false, setWindowRect: true, timeouts: {implicit: 0, pageLoad: 300000, script: 30000}, unhandledPromptBehavior: dismiss and notify, webdriver.remote.sessionid: 9f64f888-fa11-4ea9-ae37-f66...}
Session ID: 9f64f888-fa11-4ea9-ae37-f66b3e2b0e41
*** Element info: {Using=id, value=logoutLink}]]>
            </message>
            <full-stacktrace>
              <![CDATA[org.openqa.selenium.NoSuchElementException: Unable to locate element: #logoutLink
For documentation on this error, please visit: https://www.seleniumhq.org/exceptions/no_such_element.html
Build info: version: '3.141.59', revision: 'e82be7d358', time: '2018-11-14T08:25:53'
System info: host: 'DESKTOP-JVK1AED', ip: '192.168.1.16', os.name: 'Windows 10', os.arch: 'amd64', os.version: '10.0', java.version: '1.8.0_211'
Driver info: org.openqa.selenium.remote.RemoteWebDriver
Capabilities {acceptInsecureCerts: false, browserName: firefox, browserVersion: 64.0, javascriptEnabled: true, moz:accessibilityChecks: false, moz:geckodriverVersion: 0.26.0, moz:headless: false, moz:processID: 10144, moz:profile: C:\Users\Pluto\AppData\Loca..., moz:shutdownTimeout: 60000, moz:useNonSpecCompliantPointerOrigin: false, moz:webdriverClick: true, pageLoadStrategy: normal, platform: WINDOWS, platformName: WINDOWS, platformVersion: 10.0, rotatable: false, setWindowRect: true, timeouts: {implicit: 0, pageLoad: 300000, script: 30000}, unhandledPromptBehavior: dismiss and notify, webdriver.remote.sessionid: 9f64f888-fa11-4ea9-ae37-f66...}
Session ID: 9f64f888-fa11-4ea9-ae37-f66b3e2b0e41
*** Element info: {Using=id, value=logoutLink}
at sun.reflect.NativeConstructorAccessorImpl.newInstance0(Native Method)
at sun.reflect.NativeConstructorAccessorImpl.newInstance(Unknown Source)
at sun.reflect.DelegatingConstructorAccessorImpl.newInstance(Unknown Source)
at java.lang.reflect.Constructor.newInstance(Unknown Source)
at org.openqa.selenium.remote.http.W3CHttpResponseCodec.createException(W3CHttpResponseCodec.java:187)
at org.openqa.selenium.remote.http.W3CHttpResponseCodec.decode(W3CHttpResponseCodec.java:122)
at org.openqa.selenium.remote.http.W3CHttpResponseCodec.decode(W3CHttpResponseCodec.java:49)
at org.openqa.selenium.remote.HttpCommandExecutor.execute(HttpCommandExecutor.java:158)
at org.openqa.selenium.remote.RemoteWebDriver.execute(RemoteWebDriver.java:552)
at org.openqa.selenium.remote.RemoteWebDriver.findElement(RemoteWebDriver.java:323)
at org.openqa.selenium.remote.RemoteWebDriver.findElementById(RemoteWebDriver.java:372)
at org.openqa.selenium.By$ById.findElement(By.java:188)
at org.openqa.selenium.remote.RemoteWebDriver.findElement(RemoteWebDriver.java:315)
at org.openqa.selenium.support.pagefactory.DefaultElementLocator.findElement(DefaultElementLocator.java:69)
at org.openqa.selenium.support.pagefactory.internal.LocatingElementHandler.invoke(LocatingElementHandler.java:38)
at com.sun.proxy.$Proxy10.click(Unknown Source)
at com_ActiTime_Pages.actiTIMEEnterTimeTrackPage.ClickOnLogout(actiTIMEEnterTimeTrackPage.java:24)
at com_ActiTime_Tests.ValidLoginLogoutTest.ValidLoginLogout(ValidLoginLogoutTest.java:32)
at sun.reflect.NativeMethodAccessorImpl.invoke0(Native Method)
at sun.reflect.NativeMethodAccessorImpl.invoke(Unknown Source)
at sun.reflect.DelegatingMethodAccessorImpl.invoke(Unknown Source)
at java.lang.reflect.Method.invoke(Unknown Source)
at org.testng.internal.MethodInvocationHelper.invokeMethod(MethodInvocationHelper.java:124)
at org.testng.internal.Invoker.invokeMethod(Invoker.java:583)
at org.testng.internal.Invoker.invokeTestMethod(Invoker.java:719)
at org.testng.internal.Invoker.invokeTestMethods(Invoker.java:989)
at org.testng.internal.TestMethodWorker.invokeTestMethods(TestMethodWorker.java:125)
at org.testng.internal.TestMethodWorker.run(TestMethodWorker.java:109)
at org.testng.TestRunner.privateRun(TestRunner.java:648)
at org.testng.TestRunner.run(TestRunner.java:505)
at org.testng.SuiteRunner.runTest(SuiteRunner.java:455)
at org.testng.SuiteRunner.access$000(SuiteRunner.java:40)
at org.testng.SuiteRunner$SuiteWorker.run(SuiteRunner.java:489)
at org.testng.internal.thread.ThreadUtil$1.call(ThreadUtil.java:52)
at java.util.concurrent.FutureTask.run(Unknown Source)
at java.util.concurrent.ThreadPoolExecutor.runWorker(Unknown Source)
at java.util.concurrent.ThreadPoolExecutor$Worker.run(Unknown Source)
at java.lang.Thread.run(Unknown Source)
]]>
            </full-stacktrace>
          </exception> <!-- org.openqa.selenium.NoSuchElementException -->
          <reporter-output>
            <line>
              <![CDATA[Title is matching actiTIME - Login]]>
            </line>
            <line>
              <![CDATA[Title is matching actiTIME - Enter Time-Track]]>
            </line>
          </reporter-output>
        </test-method> <!-- ValidLoginLogout -->
        <test-method status="PASS" signature="postcondition(org.testng.ITestResult)[pri:0, instance:com_ActiTime_Tests.ValidLoginLogoutTest@239963d8]" name="postcondition" is-config="true" duration-ms="4227" started-at="2019-11-01T02:25:17Z" finished-at="2019-11-01T02:25:22Z">
          <params>
            <param index="0">
              <value>
                <![CDATA[[TestResult name=ValidLoginLogout status=FAILURE method=ValidLoginLogoutTest.ValidLoginLogout()[pri:1, instance:com_ActiTime_Tests.ValidLoginLogoutTest@239963d8] output=Title is matching actiTIME - Login]]]>
              </value>
            </param>
          </params>
          <reporter-output>
          </reporter-output>
        </test-method> <!-- postcondition -->
      </class> <!-- com_ActiTime_Tests.ValidLoginLogoutTest -->
      <class name="com_ActiTime_Tests.InvalidLoginTest">
        <test-method status="PASS" signature="precondition(java.lang.String, java.lang.String, java.lang.String)[pri:0, instance:com_ActiTime_Tests.InvalidLoginTest@13deb50e]" name="precondition" is-config="true" duration-ms="48379" started-at="2019-11-01T02:25:22Z" finished-at="2019-11-01T02:26:10Z">
          <params>
            <param index="0">
              <value>
                <![CDATA[http://192.168.71.1:4444/wd/hub/]]>
              </value>
            </param>
            <param index="1">
              <value>
                <![CDATA[firefox]]>
              </value>
            </param>
            <param index="2">
              <value>
                <![CDATA[https://demo.actitime.com]]>
              </value>
            </param>
          </params>
          <reporter-output>
          </reporter-output>
        </test-method> <!-- precondition -->
        <test-method status="FAIL" signature="InvalidLogin()[pri:2, instance:com_ActiTime_Tests.InvalidLoginTest@13deb50e]" name="InvalidLogin" duration-ms="11371" started-at="2019-11-01T02:26:10Z" finished-at="2019-11-01T02:26:21Z">
          <exception class="org.openqa.selenium.ElementNotInteractableException">
            <message>
              <![CDATA[Element <input id="username" class="textField" name="username" type="text"> is not reachable by keyboard
Build info: version: '3.141.59', revision: 'e82be7d358', time: '2018-11-14T08:25:53'
System info: host: 'DESKTOP-JVK1AED', ip: '192.168.1.16', os.name: 'Windows 10', os.arch: 'amd64', os.version: '10.0', java.version: '1.8.0_211'
Driver info: org.openqa.selenium.remote.RemoteWebDriver
Capabilities {acceptInsecureCerts: false, browserName: firefox, browserVersion: 64.0, javascriptEnabled: true, moz:accessibilityChecks: false, moz:geckodriverVersion: 0.26.0, moz:headless: false, moz:processID: 6048, moz:profile: C:\Users\Pluto\AppData\Loca..., moz:shutdownTimeout: 60000, moz:useNonSpecCompliantPointerOrigin: false, moz:webdriverClick: true, pageLoadStrategy: normal, platform: WINDOWS, platformName: WINDOWS, platformVersion: 10.0, rotatable: false, setWindowRect: true, timeouts: {implicit: 0, pageLoad: 300000, script: 30000}, unhandledPromptBehavior: dismiss and notify, webdriver.remote.sessionid: 1488fd96-b810-4616-89c3-3c5...}
Session ID: 1488fd96-b810-4616-89c3-3c5351d3aaf4]]>
            </message>
            <full-stacktrace>
              <![CDATA[org.openqa.selenium.ElementNotInteractableException: Element <input id="username" class="textField" name="username" type="text"> is not reachable by keyboard
Build info: version: '3.141.59', revision: 'e82be7d358', time: '2018-11-14T08:25:53'
System info: host: 'DESKTOP-JVK1AED', ip: '192.168.1.16', os.name: 'Windows 10', os.arch: 'amd64', os.version: '10.0', java.version: '1.8.0_211'
Driver info: org.openqa.selenium.remote.RemoteWebDriver
Capabilities {acceptInsecureCerts: false, browserName: firefox, browserVersion: 64.0, javascriptEnabled: true, moz:accessibilityChecks: false, moz:geckodriverVersion: 0.26.0, moz:headless: false, moz:processID: 6048, moz:profile: C:\Users\Pluto\AppData\Loca..., moz:shutdownTimeout: 60000, moz:useNonSpecCompliantPointerOrigin: false, moz:webdriverClick: true, pageLoadStrategy: normal, platform: WINDOWS, platformName: WINDOWS, platformVersion: 10.0, rotatable: false, setWindowRect: true, timeouts: {implicit: 0, pageLoad: 300000, script: 30000}, unhandledPromptBehavior: dismiss and notify, webdriver.remote.sessionid: 1488fd96-b810-4616-89c3-3c5...}
Session ID: 1488fd96-b810-4616-89c3-3c5351d3aaf4
at sun.reflect.NativeConstructorAccessorImpl.newInstance0(Native Method)
at sun.reflect.NativeConstructorAccessorImpl.newInstance(Unknown Source)
at sun.reflect.DelegatingConstructorAccessorImpl.newInstance(Unknown Source)
at java.lang.reflect.Constructor.newInstance(Unknown Source)
at org.openqa.selenium.remote.http.W3CHttpResponseCodec.createException(W3CHttpResponseCodec.java:187)
at org.openqa.selenium.remote.http.W3CHttpResponseCodec.decode(W3CHttpResponseCodec.java:122)
at org.openqa.selenium.remote.http.W3CHttpResponseCodec.decode(W3CHttpResponseCodec.java:49)
at org.openqa.selenium.remote.HttpCommandExecutor.execute(HttpCommandExecutor.java:158)
at org.openqa.selenium.remote.RemoteWebDriver.execute(RemoteWebDriver.java:552)
at org.openqa.selenium.remote.RemoteWebElement.execute(RemoteWebElement.java:285)
at org.openqa.selenium.remote.RemoteWebElement.sendKeys(RemoteWebElement.java:106)
at sun.reflect.GeneratedMethodAccessor2.invoke(Unknown Source)
at sun.reflect.DelegatingMethodAccessorImpl.invoke(Unknown Source)
at java.lang.reflect.Method.invoke(Unknown Source)
at org.openqa.selenium.support.pagefactory.internal.LocatingElementHandler.invoke(LocatingElementHandler.java:51)
at com.sun.proxy.$Proxy10.sendKeys(Unknown Source)
at com_ActiTime_Pages.actiTIMELoginPage.EnterUserName(actiTIMELoginPage.java:36)
at com_ActiTime_Tests.InvalidLoginTest.InvalidLogin(InvalidLoginTest.java:25)
at sun.reflect.NativeMethodAccessorImpl.invoke0(Native Method)
at sun.reflect.NativeMethodAccessorImpl.invoke(Unknown Source)
at sun.reflect.DelegatingMethodAccessorImpl.invoke(Unknown Source)
at java.lang.reflect.Method.invoke(Unknown Source)
at org.testng.internal.MethodInvocationHelper.invokeMethod(MethodInvocationHelper.java:124)
at org.testng.internal.Invoker.invokeMethod(Invoker.java:583)
at org.testng.internal.Invoker.invokeTestMethod(Invoker.java:719)
at org.testng.internal.Invoker.invokeTestMethods(Invoker.java:989)
at org.testng.internal.TestMethodWorker.invokeTestMethods(TestMethodWorker.java:125)
at org.testng.internal.TestMethodWorker.run(TestMethodWorker.java:109)
at org.testng.TestRunner.privateRun(TestRunner.java:648)
at org.testng.TestRunner.run(TestRunner.java:505)
at org.testng.SuiteRunner.runTest(SuiteRunner.java:455)
at org.testng.SuiteRunner.access$000(SuiteRunner.java:40)
at org.testng.SuiteRunner$SuiteWorker.run(SuiteRunner.java:489)
at org.testng.internal.thread.ThreadUtil$1.call(ThreadUtil.java:52)
at java.util.concurrent.FutureTask.run(Unknown Source)
at java.util.concurrent.ThreadPoolExecutor.runWorker(Unknown Source)
at java.util.concurrent.ThreadPoolExecutor$Worker.run(Unknown Source)
at java.lang.Thread.run(Unknown Source)
]]>
            </full-stacktrace>
          </exception> <!-- org.openqa.selenium.ElementNotInteractableException -->
          <reporter-output>
            <line>
              <![CDATA[Title is matching actiTIME - Login]]>
            </line>
            <line>
              <![CDATA[User name admin]]>
            </line>
            <line>
              <![CDATA[password damager]]>
            </line>
            <line>
              <![CDATA[Element is present...........]]>
            </line>
            <line>
              <![CDATA[==========================================]]>
            </line>
            <line>
              <![CDATA[User name qsp]]>
            </line>
            <line>
              <![CDATA[password jsp]]>
            </line>
            <line>
              <![CDATA[Element is present...........]]>
            </line>
            <line>
              <![CDATA[==========================================]]>
            </line>
            <line>
              <![CDATA[User name 45]]>
            </line>
          </reporter-output>
        </test-method> <!-- InvalidLogin -->
        <test-method status="PASS" signature="postcondition(org.testng.ITestResult)[pri:0, instance:com_ActiTime_Tests.InvalidLoginTest@13deb50e]" name="postcondition" is-config="true" duration-ms="4535" started-at="2019-11-01T02:26:21Z" finished-at="2019-11-01T02:26:26Z">
          <params>
            <param index="0">
              <value>
                <![CDATA[[TestResult name=InvalidLogin status=FAILURE method=InvalidLoginTest.InvalidLogin()[pri:2, instance:com_ActiTime_Tests.InvalidLoginTest@13deb50e] output=Title is matching actiTIME - Login]]]>
              </value>
            </param>
          </params>
          <reporter-output>
          </reporter-output>
        </test-method> <!-- postcondition -->
      </class> <!-- com_ActiTime_Tests.InvalidLoginTest -->
      <class name="com_ActiTime_Tests.VerifyversionTest">
        <test-method status="PASS" signature="precondition(java.lang.String, java.lang.String, java.lang.String)[pri:0, instance:com_ActiTime_Tests.VerifyversionTest@3abbfa04]" name="precondition" is-config="true" duration-ms="34220" started-at="2019-11-01T02:26:26Z" finished-at="2019-11-01T02:27:00Z">
          <params>
            <param index="0">
              <value>
                <![CDATA[http://192.168.71.1:4444/wd/hub/]]>
              </value>
            </param>
            <param index="1">
              <value>
                <![CDATA[firefox]]>
              </value>
            </param>
            <param index="2">
              <value>
                <![CDATA[https://demo.actitime.com]]>
              </value>
            </param>
          </params>
          <reporter-output>
          </reporter-output>
        </test-method> <!-- precondition -->
        <test-method status="FAIL" signature="Verifyversion()[pri:3, instance:com_ActiTime_Tests.VerifyversionTest@3abbfa04]" name="Verifyversion" duration-ms="157" started-at="2019-11-01T02:27:00Z" finished-at="2019-11-01T02:27:00Z">
          <exception class="java.lang.AssertionError">
            <message>
              <![CDATA[The following asserts failed:
expected [actiTIME 2019.Pro] but found [actiTIME 2019.3 Pro]]]>
            </message>
            <full-stacktrace>
              <![CDATA[java.lang.AssertionError: The following asserts failed:
expected [actiTIME 2019.Pro] but found [actiTIME 2019.3 Pro]
at org.testng.asserts.SoftAssert.assertAll(SoftAssert.java:43)
at com_ActiTime_Tests.VerifyversionTest.Verifyversion(VerifyversionTest.java:26)
at sun.reflect.NativeMethodAccessorImpl.invoke0(Native Method)
at sun.reflect.NativeMethodAccessorImpl.invoke(Unknown Source)
at sun.reflect.DelegatingMethodAccessorImpl.invoke(Unknown Source)
at java.lang.reflect.Method.invoke(Unknown Source)
at org.testng.internal.MethodInvocationHelper.invokeMethod(MethodInvocationHelper.java:124)
at org.testng.internal.Invoker.invokeMethod(Invoker.java:583)
at org.testng.internal.Invoker.invokeTestMethod(Invoker.java:719)
at org.testng.internal.Invoker.invokeTestMethods(Invoker.java:989)
at org.testng.internal.TestMethodWorker.invokeTestMethods(TestMethodWorker.java:125)
at org.testng.internal.TestMethodWorker.run(TestMethodWorker.java:109)
at org.testng.TestRunner.privateRun(TestRunner.java:648)
at org.testng.TestRunner.run(TestRunner.java:505)
at org.testng.SuiteRunner.runTest(SuiteRunner.java:455)
at org.testng.SuiteRunner.access$000(SuiteRunner.java:40)
at org.testng.SuiteRunner$SuiteWorker.run(SuiteRunner.java:489)
at org.testng.internal.thread.ThreadUtil$1.call(ThreadUtil.java:52)
at java.util.concurrent.FutureTask.run(Unknown Source)
at java.util.concurrent.ThreadPoolExecutor.runWorker(Unknown Source)
at java.util.concurrent.ThreadPoolExecutor$Worker.run(Unknown Source)
at java.lang.Thread.run(Unknown Source)
]]>
            </full-stacktrace>
          </exception> <!-- java.lang.AssertionError -->
          <reporter-output>
            <line>
              <![CDATA[Title is matching actiTIME - Login]]>
            </line>
            <line>
              <![CDATA[Element is present...........]]>
            </line>
            <line>
              <![CDATA[version actiTIME 2019.3 Pro]]>
            </line>
          </reporter-output>
        </test-method> <!-- Verifyversion -->
        <test-method status="PASS" signature="postcondition(org.testng.ITestResult)[pri:0, instance:com_ActiTime_Tests.VerifyversionTest@3abbfa04]" name="postcondition" is-config="true" duration-ms="1607" started-at="2019-11-01T02:27:00Z" finished-at="2019-11-01T02:27:02Z">
          <params>
            <param index="0">
              <value>
                <![CDATA[[TestResult name=Verifyversion status=FAILURE method=VerifyversionTest.Verifyversion()[pri:3, instance:com_ActiTime_Tests.VerifyversionTest@3abbfa04] output=Title is matching actiTIME - Login]]]>
              </value>
            </param>
          </params>
          <reporter-output>
          </reporter-output>
        </test-method> <!-- postcondition -->
      </class> <!-- com_ActiTime_Tests.VerifyversionTest -->
    </test> <!-- FirefoxTest -->
    <test name="IETest" duration-ms="227537" started-at="2019-11-01T02:24:01Z" finished-at="2019-11-01T02:27:49Z">
      <class name="com_ActiTime_Tests.ValidLoginLogoutTest">
        <test-method status="PASS" signature="precondition(java.lang.String, java.lang.String, java.lang.String)[pri:0, instance:com_ActiTime_Tests.ValidLoginLogoutTest@4f7d0008]" name="precondition" is-config="true" duration-ms="54910" started-at="2019-11-01T02:24:01Z" finished-at="2019-11-01T02:24:56Z">
          <params>
            <param index="0">
              <value>
                <![CDATA[http://192.168.71.1:4444/wd/hub/]]>
              </value>
            </param>
            <param index="1">
              <value>
                <![CDATA[internet explorer]]>
              </value>
            </param>
            <param index="2">
              <value>
                <![CDATA[https://demo.actitime.com]]>
              </value>
            </param>
          </params>
          <reporter-output>
          </reporter-output>
        </test-method> <!-- precondition -->
        <test-method status="FAIL" signature="ValidLoginLogout()[pri:1, instance:com_ActiTime_Tests.ValidLoginLogoutTest@4f7d0008]" name="ValidLoginLogout" duration-ms="74981" started-at="2019-11-01T02:24:56Z" finished-at="2019-11-01T02:26:11Z">
          <exception class="java.lang.AssertionError">
            <message>
              <![CDATA[null]]>
            </message>
            <full-stacktrace>
              <![CDATA[java.lang.AssertionError: null
at org.testng.Assert.fail(Assert.java:96)
at org.testng.Assert.fail(Assert.java:103)
at com_ActiTime_Generic.BasePage.verifyTitle(BasePage.java:29)
at com_ActiTime_Tests.ValidLoginLogoutTest.ValidLoginLogout(ValidLoginLogoutTest.java:30)
at sun.reflect.NativeMethodAccessorImpl.invoke0(Native Method)
at sun.reflect.NativeMethodAccessorImpl.invoke(Unknown Source)
at sun.reflect.DelegatingMethodAccessorImpl.invoke(Unknown Source)
at java.lang.reflect.Method.invoke(Unknown Source)
at org.testng.internal.MethodInvocationHelper.invokeMethod(MethodInvocationHelper.java:124)
at org.testng.internal.Invoker.invokeMethod(Invoker.java:583)
at org.testng.internal.Invoker.invokeTestMethod(Invoker.java:719)
at org.testng.internal.Invoker.invokeTestMethods(Invoker.java:989)
at org.testng.internal.TestMethodWorker.invokeTestMethods(TestMethodWorker.java:125)
at org.testng.internal.TestMethodWorker.run(TestMethodWorker.java:109)
at org.testng.TestRunner.privateRun(TestRunner.java:648)
at org.testng.TestRunner.run(TestRunner.java:505)
at org.testng.SuiteRunner.runTest(SuiteRunner.java:455)
at org.testng.SuiteRunner.access$000(SuiteRunner.java:40)
at org.testng.SuiteRunner$SuiteWorker.run(SuiteRunner.java:489)
at org.testng.internal.thread.ThreadUtil$1.call(ThreadUtil.java:52)
at java.util.concurrent.FutureTask.run(Unknown Source)
at java.util.concurrent.ThreadPoolExecutor.runWorker(Unknown Source)
at java.util.concurrent.ThreadPoolExecutor$Worker.run(Unknown Source)
at java.lang.Thread.run(Unknown Source)
]]>
            </full-stacktrace>
          </exception> <!-- java.lang.AssertionError -->
          <reporter-output>
            <line>
              <![CDATA[Title is matching actiTIME - Login]]>
            </line>
            <line>
              <![CDATA[Title is not matching actiTIME - Login]]>
            </line>
          </reporter-output>
        </test-method> <!-- ValidLoginLogout -->
        <test-method status="PASS" signature="postcondition(org.testng.ITestResult)[pri:0, instance:com_ActiTime_Tests.ValidLoginLogoutTest@4f7d0008]" name="postcondition" is-config="true" duration-ms="394" started-at="2019-11-01T02:26:11Z" finished-at="2019-11-01T02:26:12Z">
          <params>
            <param index="0">
              <value>
                <![CDATA[[TestResult name=ValidLoginLogout status=FAILURE method=ValidLoginLogoutTest.ValidLoginLogout()[pri:1, instance:com_ActiTime_Tests.ValidLoginLogoutTest@4f7d0008] output=Title is matching actiTIME - Login]]]>
              </value>
            </param>
          </params>
          <reporter-output>
          </reporter-output>
        </test-method> <!-- postcondition -->
      </class> <!-- com_ActiTime_Tests.ValidLoginLogoutTest -->
      <class name="com_ActiTime_Tests.InvalidLoginTest">
        <test-method status="PASS" signature="precondition(java.lang.String, java.lang.String, java.lang.String)[pri:0, instance:com_ActiTime_Tests.InvalidLoginTest@553f17c]" name="precondition" is-config="true" duration-ms="14410" started-at="2019-11-01T02:26:12Z" finished-at="2019-11-01T02:26:26Z">
          <params>
            <param index="0">
              <value>
                <![CDATA[http://192.168.71.1:4444/wd/hub/]]>
              </value>
            </param>
            <param index="1">
              <value>
                <![CDATA[internet explorer]]>
              </value>
            </param>
            <param index="2">
              <value>
                <![CDATA[https://demo.actitime.com]]>
              </value>
            </param>
          </params>
          <reporter-output>
          </reporter-output>
        </test-method> <!-- precondition -->
        <test-method status="FAIL" signature="InvalidLogin()[pri:2, instance:com_ActiTime_Tests.InvalidLoginTest@553f17c]" name="InvalidLogin" duration-ms="74156" started-at="2019-11-01T02:26:26Z" finished-at="2019-11-01T02:27:40Z">
          <exception class="java.lang.AssertionError">
            <message>
              <![CDATA[null]]>
            </message>
            <full-stacktrace>
              <![CDATA[java.lang.AssertionError: null
at org.testng.Assert.fail(Assert.java:96)
at org.testng.Assert.fail(Assert.java:103)
at com_ActiTime_Generic.BasePage.verifyElement(BasePage.java:43)
at com_ActiTime_Pages.actiTIMELoginPage.verifyErrorMsg(actiTIMELoginPage.java:48)
at com_ActiTime_Tests.InvalidLoginTest.InvalidLogin(InvalidLoginTest.java:31)
at sun.reflect.NativeMethodAccessorImpl.invoke0(Native Method)
at sun.reflect.NativeMethodAccessorImpl.invoke(Unknown Source)
at sun.reflect.DelegatingMethodAccessorImpl.invoke(Unknown Source)
at java.lang.reflect.Method.invoke(Unknown Source)
at org.testng.internal.MethodInvocationHelper.invokeMethod(MethodInvocationHelper.java:124)
at org.testng.internal.Invoker.invokeMethod(Invoker.java:583)
at org.testng.internal.Invoker.invokeTestMethod(Invoker.java:719)
at org.testng.internal.Invoker.invokeTestMethods(Invoker.java:989)
at org.testng.internal.TestMethodWorker.invokeTestMethods(TestMethodWorker.java:125)
at org.testng.internal.TestMethodWorker.run(TestMethodWorker.java:109)
at org.testng.TestRunner.privateRun(TestRunner.java:648)
at org.testng.TestRunner.run(TestRunner.java:505)
at org.testng.SuiteRunner.runTest(SuiteRunner.java:455)
at org.testng.SuiteRunner.access$000(SuiteRunner.java:40)
at org.testng.SuiteRunner$SuiteWorker.run(SuiteRunner.java:489)
at org.testng.internal.thread.ThreadUtil$1.call(ThreadUtil.java:52)
at java.util.concurrent.FutureTask.run(Unknown Source)
at java.util.concurrent.ThreadPoolExecutor.runWorker(Unknown Source)
at java.util.concurrent.ThreadPoolExecutor$Worker.run(Unknown Source)
at java.lang.Thread.run(Unknown Source)
]]>
            </full-stacktrace>
          </exception> <!-- java.lang.AssertionError -->
          <reporter-output>
            <line>
              <![CDATA[Title is matching actiTIME - Login]]>
            </line>
            <line>
              <![CDATA[User name admin]]>
            </line>
            <line>
              <![CDATA[password damager]]>
            </line>
            <line>
              <![CDATA[Elemnt is not present..........]]>
            </line>
          </reporter-output>
        </test-method> <!-- InvalidLogin -->
        <test-method status="PASS" signature="postcondition(org.testng.ITestResult)[pri:0, instance:com_ActiTime_Tests.InvalidLoginTest@553f17c]" name="postcondition" is-config="true" duration-ms="110" started-at="2019-11-01T02:27:40Z" finished-at="2019-11-01T02:27:40Z">
          <params>
            <param index="0">
              <value>
                <![CDATA[[TestResult name=InvalidLogin status=FAILURE method=InvalidLoginTest.InvalidLogin()[pri:2, instance:com_ActiTime_Tests.InvalidLoginTest@553f17c] output=Title is matching actiTIME - Login]]]>
              </value>
            </param>
          </params>
          <reporter-output>
          </reporter-output>
        </test-method> <!-- postcondition -->
      </class> <!-- com_ActiTime_Tests.InvalidLoginTest -->
      <class name="com_ActiTime_Tests.VerifyversionTest">
        <test-method status="PASS" signature="precondition(java.lang.String, java.lang.String, java.lang.String)[pri:0, instance:com_ActiTime_Tests.VerifyversionTest@271053e1]" name="precondition" is-config="true" duration-ms="7948" started-at="2019-11-01T02:27:40Z" finished-at="2019-11-01T02:27:48Z">
          <params>
            <param index="0">
              <value>
                <![CDATA[http://192.168.71.1:4444/wd/hub/]]>
              </value>
            </param>
            <param index="1">
              <value>
                <![CDATA[internet explorer]]>
              </value>
            </param>
            <param index="2">
              <value>
                <![CDATA[https://demo.actitime.com]]>
              </value>
            </param>
          </params>
          <reporter-output>
          </reporter-output>
        </test-method> <!-- precondition -->
        <test-method status="FAIL" signature="Verifyversion()[pri:3, instance:com_ActiTime_Tests.VerifyversionTest@271053e1]" name="Verifyversion" duration-ms="515" started-at="2019-11-01T02:27:48Z" finished-at="2019-11-01T02:27:49Z">
          <exception class="java.lang.AssertionError">
            <message>
              <![CDATA[The following asserts failed:
expected [actiTIME 2019.Pro] but found [actiTIME 2019.3 Pro]]]>
            </message>
            <full-stacktrace>
              <![CDATA[java.lang.AssertionError: The following asserts failed:
expected [actiTIME 2019.Pro] but found [actiTIME 2019.3 Pro]
at org.testng.asserts.SoftAssert.assertAll(SoftAssert.java:43)
at com_ActiTime_Tests.VerifyversionTest.Verifyversion(VerifyversionTest.java:26)
at sun.reflect.NativeMethodAccessorImpl.invoke0(Native Method)
at sun.reflect.NativeMethodAccessorImpl.invoke(Unknown Source)
at sun.reflect.DelegatingMethodAccessorImpl.invoke(Unknown Source)
at java.lang.reflect.Method.invoke(Unknown Source)
at org.testng.internal.MethodInvocationHelper.invokeMethod(MethodInvocationHelper.java:124)
at org.testng.internal.Invoker.invokeMethod(Invoker.java:583)
at org.testng.internal.Invoker.invokeTestMethod(Invoker.java:719)
at org.testng.internal.Invoker.invokeTestMethods(Invoker.java:989)
at org.testng.internal.TestMethodWorker.invokeTestMethods(TestMethodWorker.java:125)
at org.testng.internal.TestMethodWorker.run(TestMethodWorker.java:109)
at org.testng.TestRunner.privateRun(TestRunner.java:648)
at org.testng.TestRunner.run(TestRunner.java:505)
at org.testng.SuiteRunner.runTest(SuiteRunner.java:455)
at org.testng.SuiteRunner.access$000(SuiteRunner.java:40)
at org.testng.SuiteRunner$SuiteWorker.run(SuiteRunner.java:489)
at org.testng.internal.thread.ThreadUtil$1.call(ThreadUtil.java:52)
at java.util.concurrent.FutureTask.run(Unknown Source)
at java.util.concurrent.ThreadPoolExecutor.runWorker(Unknown Source)
at java.util.concurrent.ThreadPoolExecutor$Worker.run(Unknown Source)
at java.lang.Thread.run(Unknown Source)
]]>
            </full-stacktrace>
          </exception> <!-- java.lang.AssertionError -->
          <reporter-output>
            <line>
              <![CDATA[Title is matching actiTIME - Login]]>
            </line>
            <line>
              <![CDATA[Element is present...........]]>
            </line>
            <line>
              <![CDATA[version actiTIME 2019.3 Pro]]>
            </line>
          </reporter-output>
        </test-method> <!-- Verifyversion -->
        <test-method status="PASS" signature="postcondition(org.testng.ITestResult)[pri:0, instance:com_ActiTime_Tests.VerifyversionTest@271053e1]" name="postcondition" is-config="true" duration-ms="82" started-at="2019-11-01T02:27:49Z" finished-at="2019-11-01T02:27:49Z">
          <params>
            <param index="0">
              <value>
                <![CDATA[[TestResult name=Verifyversion status=FAILURE method=VerifyversionTest.Verifyversion()[pri:3, instance:com_ActiTime_Tests.VerifyversionTest@271053e1] output=Title is matching actiTIME - Login]]]>
              </value>
            </param>
          </params>
          <reporter-output>
          </reporter-output>
        </test-method> <!-- postcondition -->
      </class> <!-- com_ActiTime_Tests.VerifyversionTest -->
    </test> <!-- IETest -->
  </suite> <!-- Suite -->
</testng-results>
